<?xml version="1.0" encoding="UTF-8"?>
<testsuite name="Academy choucair" tests="1" skipped="0" failures="0" errors="0" timestamp="2022-04-13T21:08:27" hostname="CHBOGCR7KJ93" time="14.052">
  <properties/>
  <testcase name="Search for the automation course" classname="Academy choucair" time="14.052"/>
  <system-out><![CDATA[]]></system-out>
  <system-err><![CDATA[Starting ChromeDriver 100.0.4896.60 (6a5d10861ce8de5fce22564658033b43cb7de047-refs/branch-heads/4896@{#875}) on port 49374
Only local connections are allowed.
Please see https://chromedriver.chromium.org/security-considerations for suggestions on keeping ChromeDriver safe.
ChromeDriver was started successfully.
abr 13, 2022 4:08:32 PM org.openqa.selenium.remote.ProtocolHandshake createSession
INFORMACIÓN: Detected dialect: W3C
abr 13, 2022 4:08:32 PM org.openqa.selenium.devtools.CdpVersionFinder findNearestMatch
ADVERTENCIA: Unable to find an exact match for CDP version 100, so returning the closest version found: 97
abr 13, 2022 4:08:32 PM org.openqa.selenium.devtools.CdpVersionFinder findNearestMatch
INFORMACIÓN: Found CDP implementation for version 100 of 97
]]></system-err>
</testsuite>
